root DEBUG    [2018-03-26 16:16:04,948] ========================S T A R T===================================
root INFO     [2018-03-26 16:16:04,979] Create modbus client object
root DEBUG    [2018-03-26 16:16:04,989] создан объект product 1
root DEBUG    [2018-03-26 16:16:04,989] создан объект product 2
root DEBUG    [2018-03-26 16:16:04,989] создан объект product 3
root DEBUG    [2018-03-26 16:16:04,999] создан объект product 4
root DEBUG    [2018-03-26 16:16:04,999] создан объект product 5
root DEBUG    [2018-03-26 16:16:04,999] создан объект product 6
root DEBUG    [2018-03-26 16:16:04,999] создан объект product 7
root DEBUG    [2018-03-26 16:16:04,999] создан объект product 8
root DEBUG    [2018-03-26 16:16:04,999] создан объект product 9
root DEBUG    [2018-03-26 16:16:04,999] создан объект product 10
root DEBUG    [2018-03-26 16:16:04,999] создан объект product 11
root DEBUG    [2018-03-26 16:16:04,999] создан объект product 12
root DEBUG    [2018-03-26 16:16:04,999] создан объект product 13
root DEBUG    [2018-03-26 16:16:04,999] создан объект product 14
root DEBUG    [2018-03-26 16:16:04,999] создан объект product 15
root DEBUG    [2018-03-26 16:16:04,999] создан объект product 16
root DEBUG    [2018-03-26 16:16:04,999] создан объект product 17
root DEBUG    [2018-03-26 16:16:05,009] создан объект product 18
root DEBUG    [2018-03-26 16:16:05,009] создан объект product 19
root DEBUG    [2018-03-26 16:16:05,009] создан объект product 20
root DEBUG    [2018-03-26 16:16:05,009] создан объект product 21
root DEBUG    [2018-03-26 16:16:05,009] создан объект product 22
root DEBUG    [2018-03-26 16:16:05,009] создан объект product 25
root DEBUG    [2018-03-26 16:16:05,069] --Try start thread visual1level
root DEBUG    [2018-03-26 16:16:05,069] --Try start thread visual2level
root DEBUG    [2018-03-26 16:16:05,069] --+thread ThreadVisual1Level started
root DEBUG    [2018-03-26 16:16:05,069] --+thread ThreadVizual2level started
root DEBUG    [2018-03-26 16:16:05,069] --Try start thread ThreadGetPLC
root DEBUG    [2018-03-26 16:16:05,069] --+thread ThreadGetPLC started
root DEBUG    [2018-03-26 16:16:05,069] --Try start thread ThreadPullPLCList
root DEBUG    [2018-03-26 16:16:05,069] --+thread ThreadPullPLCList started
root DEBUG    [2018-03-26 16:16:05,069] --Try start thread ThreadControlrecept
root DEBUG    [2018-03-26 16:16:05,078] --Try start thread ThreadControlrecept
root DEBUG    [2018-03-26 16:16:05,668]  Connection status: False
root WARNING  [2018-03-26 16:16:05,668] !!!!!!!!!!!! No connection !!!!!!!!!!!!!!!
root DEBUG    [2018-03-26 16:16:05,668] !!!!!!!!!!!! No connection !!!!!!!!!!!!!!!
root DEBUG    [2018-03-26 16:16:05,678] Connection return
root DEBUG    [2018-03-26 16:16:15,789] Указатель таблицы очередь на строке 1
root DEBUG    [2018-03-26 16:16:21,499] СТАРТ !
root DEBUG    [2018-03-26 16:16:21,499] --Try start thread ThreadWorkZames
root DEBUG    [2018-03-26 16:16:21,509] --+thread ThreadWorkZames started
root DEBUG    [2018-03-26 16:16:21,509] =========Сессия началась=========
root DEBUG    [2018-03-26 16:16:21,509] start! slot from threadPLCZames signal_  startcicle emit 
root DEBUG    [2018-03-26 16:16:21,519] --while session_begin == True:
root DEBUG    [2018-03-26 16:16:22,020] getrecept emited
root DEBUG    [2018-03-26 16:16:22,020] Установка значения счетчика замесов count = 20
root DEBUG    [2018-03-26 16:16:22,020] Полученный nrec рецепта("Откорм 1")  = 89
root DEBUG    [2018-03-26 16:16:22,020] Рецепт полученный из базы данных: 
root DEBUG    [2018-03-26 16:16:22,020] {1: 250.0, 2: 129.0, 8: 15.0, 11: 57.5, 12: 40.0, 13: 8.5}
root DEBUG    [2018-03-26 16:16:22,020] Выбранные бункеры:5
root DEBUG    [2018-03-26 16:16:22,051] Обнуление регистров заказа
root DEBUG    [2018-03-26 16:16:23,131] Банка №8=2500.0
root DEBUG    [2018-03-26 16:16:23,151] Банка №9=1290.0
root DEBUG    [2018-03-26 16:16:23,161] Банка №12=150.0
root DEBUG    [2018-03-26 16:16:23,171] Банка №6=575.0
root DEBUG    [2018-03-26 16:16:23,180] Банка №5=400.0
root DEBUG    [2018-03-26 16:16:23,190] Банка №34=85.0
root DEBUG    [2018-03-26 16:16:23,200] workzamespulledit emited
root DEBUG    [2018-03-26 16:16:23,200] Таблица заказа для отображения [0, 0, 0, 0, 0, 40.0, 57.5, 0, 250.0, 129.0, 0, 0, 15.0, 0, 0, 0, 0, 8.5]
root DEBUG    [2018-03-26 16:16:24,204] -------СТАРТ изготовления рецепта---: "Откорм 1"
root DEBUG    [2018-03-26 16:16:24,204] Декремент счетчика замесов count =19
root DEBUG    [2018-03-26 16:16:24,204] Загрузка весов2 - Рецепт "Откорм 1" номер замеса 1
root DEBUG    [2018-03-26 16:16:24,204] --Проверка заполнености силоса готового комбикорма, (№5)
root DEBUG    [2018-03-26 16:16:24,204] Выбранный силос(№5)не заполнен
root DEBUG    [2018-03-26 16:16:25,492] Банка №8=2500.0
root DEBUG    [2018-03-26 16:16:25,631] Банка №9=1290.0
root DEBUG    [2018-03-26 16:16:25,631] Банка №12=150.0
root DEBUG    [2018-03-26 16:16:25,641] Банка №6=575.0
root DEBUG    [2018-03-26 16:16:25,651] Банка №5=400.0
root DEBUG    [2018-03-26 16:16:25,661] Банка №34=85.0
root DEBUG    [2018-03-26 16:16:25,671] workzamespulledit emited
root DEBUG    [2018-03-26 16:16:25,671] Зарегестрирована отправка команды: КОМАНДА_ЗАГРУЗИТЬ_ВЕСЫ12
root DEBUG    [2018-03-26 16:16:25,671] Таблица заказа для отображения [0, 0, 0, 0, 0, 40.0, 57.5, 0, 250.0, 129.0, 0, 0, 15.0, 0, 0, 0, 0, 8.5]
root DEBUG    [2018-03-26 16:16:25,671] Ожидание готовности ПЛК к получению команды
root DEBUG    [2018-03-26 16:16:25,681] ПЛК готов
root DEBUG    [2018-03-26 16:16:25,691] Зарегестрирована отправка команды: КОМАНДА_ЗАГРУЗИТЬ_ВЕСЫ3
root DEBUG    [2018-03-26 16:16:25,691] Ожидание готовности ПЛК к получению команды
root DEBUG    [2018-03-26 16:16:25,701] ПЛК готов
root DEBUG    [2018-03-26 16:16:25,711] Загрузка весов3 - Рецепт "Откорм 1" номер замеса 1
root DEBUG    [2018-03-26 16:16:27,101] Запущен шнек 5
root DEBUG    [2018-03-26 16:16:27,101] ПЛК успешно получил команду: КОМАНДА_ЗАГРУЗИТЬ_ВЕСЫ12
root DEBUG    [2018-03-26 16:16:27,101] ПЛК успешно получил команду: КОМАНДА_ЗАГРУЗИТЬ_ВЕСЫ3
root DEBUG    [2018-03-26 16:16:28,105] Запущен флэксвэй 2
root DEBUG    [2018-03-26 16:17:15,121] Шнек 5 закончил  работу
root DEBUG    [2018-03-26 16:17:15,121] Шнек 5 загрузил 39.2кг
root DEBUG    [2018-03-26 16:17:24,213] Запущен шнек 6
root DEBUG    [2018-03-26 16:17:41,213] Шнек 6 закончил  работу
root DEBUG    [2018-03-26 16:17:41,213] Шнек 6 загрузил 54.7кг
root DEBUG    [2018-03-26 16:17:52,311] Запущен шнек 8
root DEBUG    [2018-03-26 16:18:28,344] Флэксвэй 2 закончил работу
root DEBUG    [2018-03-26 16:18:28,344] Флэксвэй 2 загрузил 15.0кг
root DEBUG    [2018-03-26 16:18:57,483] Шнек 8 закончил  работу
root DEBUG    [2018-03-26 16:18:57,483] Шнек 8 загрузил 247.8кг
root DEBUG    [2018-03-26 16:19:00,483] POPUP команда Выгрузка миксер 
root DEBUG    [2018-03-26 16:19:00,483] --Try start thread ThreadCmd
root DEBUG    [2018-03-26 16:19:00,483] Зарегестрирована отправка команды: КОМАНДА_ВЫГРУЗИТЬ_МИКСЕР
root DEBUG    [2018-03-26 16:19:00,483] --+thread ThreadSendCmd started  cmd= 42
root DEBUG    [2018-03-26 16:19:00,483] Ожидание готовности ПЛК к получению команды
root DEBUG    [2018-03-26 16:19:00,493] ПЛК готов
root DEBUG    [2018-03-26 16:19:08,559] Запущен шнек 9
root DEBUG    [2018-03-26 16:19:38,586] Шнек 9 закончил  работу
root DEBUG    [2018-03-26 16:19:38,586] Шнек 9 загрузил 127.8кг
root DEBUG    [2018-03-26 16:19:48,918] Зарегестрирована отправка команды: КОМАНДА_ВЫГРУЗИТЬ_ВЕСЫ2
root DEBUG    [2018-03-26 16:19:48,918] Ожидание готовности ПЛК к получению команды
root DEBUG    [2018-03-26 16:19:48,928] ПЛК готов
root DEBUG    [2018-03-26 16:19:48,928] Удаление из списка выполненных команд: КОМАНДА_ЗАГРУЗИТЬ_ВЕСЫ12
root DEBUG    [2018-03-26 16:19:48,928] Регистрация Масло в БД:8.5
root DEBUG    [2018-03-26 16:19:49,009] Выгрузка весов2 - Рецепт "Откорм 1" номер замеса 1
root DEBUG    [2018-03-26 16:19:49,009] --start timer
root DEBUG    [2018-03-26 16:19:51,013] Timer: time over
root DEBUG    [2018-03-26 16:19:52,013] Включение таймера замеса
root DEBUG    [2018-03-26 16:19:54,318] ПЛК успешно получил команду: КОМАНДА_ВЫГРУЗИТЬ_ВЕСЫ2
root DEBUG    [2018-03-26 16:20:12,604] Декремент счетчика замесов count =18
root DEBUG    [2018-03-26 16:20:12,604] Загрузка весов2 - Рецепт "Откорм 1" номер замеса 2
root DEBUG    [2018-03-26 16:20:12,604] --Проверка заполнености силоса готового комбикорма, (№5)
root DEBUG    [2018-03-26 16:20:12,604] Выбранный силос(№5)не заполнен
root DEBUG    [2018-03-26 16:20:14,585] Банка №8=2500.0
root DEBUG    [2018-03-26 16:20:14,796] Банка №9=1290.0
root DEBUG    [2018-03-26 16:20:14,805] Банка №12=150.0
root DEBUG    [2018-03-26 16:20:14,811] Банка №6=575.0
root DEBUG    [2018-03-26 16:20:14,816] Банка №5=400.0
root DEBUG    [2018-03-26 16:20:14,828] Банка №34=85.0
root DEBUG    [2018-03-26 16:20:14,835] workzamespulledit emited
root DEBUG    [2018-03-26 16:20:14,835] Таблица заказа для отображения [0, 0, 0, 0, 0, 40.0, 57.5, 0, 250.0, 129.0, 0, 0, 15.0, 0, 0, 0, 0, 8.5]
root DEBUG    [2018-03-26 16:20:14,835] Зарегестрирована отправка команды: КОМАНДА_ЗАГРУЗИТЬ_ВЕСЫ12
root DEBUG    [2018-03-26 16:20:14,836] Ожидание готовности ПЛК к получению команды
root DEBUG    [2018-03-26 16:20:14,846] ПЛК готов
root DEBUG    [2018-03-26 16:20:14,944] Зарегестрирована отправка команды: КОМАНДА_ВЫГРУЗИТЬ ВЕСЫ3
root DEBUG    [2018-03-26 16:20:14,950] Ожидание готовности ПЛК к получению команды
root DEBUG    [2018-03-26 16:20:14,982] ПЛК готов
root DEBUG    [2018-03-26 16:20:15,063] Зарегестрирована отправка команды: КОМАНДА_ЗАГРУЗИТЬ_МАСЛО
root DEBUG    [2018-03-26 16:20:15,063] Ожидание готовности ПЛК к получению команды
root DEBUG    [2018-03-26 16:20:15,101] ПЛК готов
root DEBUG    [2018-03-26 16:20:15,115] Ожидание готовности ПЛК к получению команды
root DEBUG    [2018-03-26 16:20:15,246] ПЛК готов
root DEBUG    [2018-03-26 16:20:15,290] Удаление из списка выполненных команд: КОМАНДА_ЗАГРУЗИТЬ_ВЕСЫ3
root DEBUG    [2018-03-26 16:20:15,292] Удаление из списка выполненных команд: КОМАНДА_ВЫГРУЗИТЬ_МИКСЕР
root DEBUG    [2018-03-26 16:20:15,326] Выгрузка весов3 - Рецепт "Откорм 1" номер замеса 1
root DEBUG    [2018-03-26 16:20:15,332] Загрузка масла - Рецепт "Откорм 1" номер замеса 1
root DEBUG    [2018-03-26 16:20:16,417] ПЛК успешно получил команду: КОМАНДА_ЗАГРУЗИТЬ_ВЕСЫ12
root DEBUG    [2018-03-26 16:20:16,808] Запущен шнек 5
root DEBUG    [2018-03-26 16:20:17,417] ПЛК успешно получил команду: КОМАНДА_ВЫГРУЗИТЬ ВЕСЫ3
root DEBUG    [2018-03-26 16:20:31,362] Зарегестрирована отправка команды: КОМАНДА_ЗАГРУЗИТЬ_ВЕСЫ3
root DEBUG    [2018-03-26 16:20:31,362] Ожидание готовности ПЛК к получению команды
root DEBUG    [2018-03-26 16:20:31,372] ПЛК готов
root DEBUG    [2018-03-26 16:20:32,032] Загрузка весов3 - Рецепт "Откорм 1" номер замеса 2
root DEBUG    [2018-03-26 16:20:33,433] ПЛК успешно получил команду: КОМАНДА_ЗАГРУЗИТЬ_ВЕСЫ3
root DEBUG    [2018-03-26 16:20:34,822] Запущен флэксвэй 2
root DEBUG    [2018-03-26 16:21:13,842] Шнек 5 закончил  работу
root DEBUG    [2018-03-26 16:21:13,842] Шнек 5 загрузил 38.4кг
root DEBUG    [2018-03-26 16:21:24,914] Запущен шнек 6
root DEBUG    [2018-03-26 16:21:41,917] Шнек 6 закончил  работу
root DEBUG    [2018-03-26 16:21:41,917] Шнек 6 загрузил 54.7кг
root DEBUG    [2018-03-26 16:21:53,033] Запущен шнек 8
root DEBUG    [2018-03-26 16:22:28,071] Флэксвэй 2 закончил работу
root DEBUG    [2018-03-26 16:22:28,071] Флэксвэй 2 загрузил 14.9кг
root DEBUG    [2018-03-26 16:22:58,203] Шнек 8 закончил  работу
root DEBUG    [2018-03-26 16:22:58,203] Шнек 8 загрузил 249.3кг
root DEBUG    [2018-03-26 16:23:09,319] Запущен шнек 9
root DEBUG    [2018-03-26 16:23:38,371] Шнек 9 закончил  работу
root DEBUG    [2018-03-26 16:23:38,371] Шнек 9 загрузил 128.7кг
root DEBUG    [2018-03-26 16:26:33,576] Проверка линии комбикорма(Нория)
root DEBUG    [2018-03-26 16:26:33,576] Открыт необходимый силос
root DEBUG    [2018-03-26 16:26:33,576] Выгрузка миксера - Рецепт "Откорм 1" номер замеса 1
root DEBUG    [2018-03-26 16:26:33,576] Таймер замеса остановлен
root DEBUG    [2018-03-26 16:26:33,586] Зарегестрирована отправка команды: КОМАНДА_ВЫГРУЗИТЬ_МИКСЕР
root DEBUG    [2018-03-26 16:26:33,586] Ожидание готовности ПЛК к получению команды
root DEBUG    [2018-03-26 16:26:33,596] ПЛК готов
root DEBUG    [2018-03-26 16:26:33,607] Удаление из списка выполненных команд: КОМАНДА_ВЫГРУЗИТЬ ВЕСЫ3
root DEBUG    [2018-03-26 16:26:33,607] Удаление из списка выполненных команд: КОМАНДА_ВЫГРУЗИТЬ_ВЕСЫ2
root DEBUG    [2018-03-26 16:26:33,607] Удаление из списка выполненных команд: КОМАНДА_ЗАГРУЗИТЬ_МАСЛО
root DEBUG    [2018-03-26 16:26:33,607] Удаление из списка выполненных команд: КОМАНДА_ЗАГРУЗИТЬ_ВЕСЫ12
root DEBUG    [2018-03-26 16:26:38,881] ПЛК успешно получил команду: КОМАНДА_ВЫГРУЗИТЬ_МИКСЕР
root DEBUG    [2018-03-26 16:26:54,671] Зарегестрирована отправка команды: КОМАНДА_ВЫГРУЗИТЬ_ВЕСЫ2
root DEBUG    [2018-03-26 16:26:54,671] Ожидание готовности ПЛК к получению команды
root DEBUG    [2018-03-26 16:26:54,680] ПЛК готов
root DEBUG    [2018-03-26 16:26:54,690] Удаление из списка выполненных команд: КОМАНДА_ЗАГРУЗИТЬ_ВЕСЫ12
root DEBUG    [2018-03-26 16:26:54,690] Регистрация Масло в БД:8.5
root DEBUG    [2018-03-26 16:26:54,770] Выгрузка весов2 - Рецепт "Откорм 1" номер замеса 2
root DEBUG    [2018-03-26 16:26:54,770] --start timer
root DEBUG    [2018-03-26 16:26:56,786] Timer: time over
root DEBUG    [2018-03-26 16:26:57,778] Включение таймера замеса
root DEBUG    [2018-03-26 16:27:00,931] ПЛК успешно получил команду: КОМАНДА_ВЫГРУЗИТЬ_ВЕСЫ2
root DEBUG    [2018-03-26 16:27:15,290] Декремент счетчика замесов count =17
root DEBUG    [2018-03-26 16:27:15,290] Загрузка весов2 - Рецепт "Откорм 1" номер замеса 3
root DEBUG    [2018-03-26 16:27:15,290] --Проверка заполнености силоса готового комбикорма, (№5)
root DEBUG    [2018-03-26 16:27:15,290] Выбранный силос(№5)не заполнен
root DEBUG    [2018-03-26 16:27:16,391] Банка №8=2500.0
root DEBUG    [2018-03-26 16:27:16,401] Банка №9=1290.0
root DEBUG    [2018-03-26 16:27:16,411] Банка №12=150.0
root DEBUG    [2018-03-26 16:27:16,421] Банка №6=575.0
root DEBUG    [2018-03-26 16:27:16,430] Банка №5=400.0
root DEBUG    [2018-03-26 16:27:16,440] Банка №34=85.0
root DEBUG    [2018-03-26 16:27:16,450] workzamespulledit emited
root DEBUG    [2018-03-26 16:27:16,450] Зарегестрирована отправка команды: КОМАНДА_ЗАГРУЗИТЬ_ВЕСЫ12
root DEBUG    [2018-03-26 16:27:16,450] Ожидание готовности ПЛК к получению команды
root DEBUG    [2018-03-26 16:27:16,450] Таблица заказа для отображения [0, 0, 0, 0, 0, 40.0, 57.5, 0, 250.0, 129.0, 0, 0, 15.0, 0, 0, 0, 0, 8.5]
root DEBUG    [2018-03-26 16:27:16,460] ПЛК готов
root DEBUG    [2018-03-26 16:27:16,470] Зарегестрирована отправка команды: КОМАНДА_ВЫГРУЗИТЬ ВЕСЫ3
root DEBUG    [2018-03-26 16:27:16,470] Ожидание готовности ПЛК к получению команды
root DEBUG    [2018-03-26 16:27:16,480] ПЛК готов
root DEBUG    [2018-03-26 16:27:16,490] Зарегестрирована отправка команды: КОМАНДА_ЗАГРУЗИТЬ_МАСЛО
root DEBUG    [2018-03-26 16:27:16,490] Ожидание готовности ПЛК к получению команды
root DEBUG    [2018-03-26 16:27:16,500] ПЛК готов
root DEBUG    [2018-03-26 16:27:16,510] Ожидание готовности ПЛК к получению команды
root DEBUG    [2018-03-26 16:27:16,520] ПЛК готов
root DEBUG    [2018-03-26 16:27:16,530] Удаление из списка выполненных команд: КОМАНДА_ЗАГРУЗИТЬ_ВЕСЫ3
root DEBUG    [2018-03-26 16:27:16,530] Удаление из списка выполненных команд: КОМАНДА_ВЫГРУЗИТЬ_МИКСЕР
root DEBUG    [2018-03-26 16:27:16,530] Выгрузка весов3 - Рецепт "Откорм 1" номер замеса 2
root DEBUG    [2018-03-26 16:27:16,530] Загрузка масла - Рецепт "Откорм 1" номер замеса 2
root DEBUG    [2018-03-26 16:27:16,941] ПЛК успешно получил команду: КОМАНДА_ЗАГРУЗИТЬ_ВЕСЫ12
root DEBUG    [2018-03-26 16:27:17,742] Запущен шнек 5
root DEBUG    [2018-03-26 16:27:19,941] ПЛК успешно получил команду: КОМАНДА_ВЫГРУЗИТЬ ВЕСЫ3
root DEBUG    [2018-03-26 16:27:32,566] Зарегестрирована отправка команды: КОМАНДА_ЗАГРУЗИТЬ_ВЕСЫ3
root DEBUG    [2018-03-26 16:27:32,566] Ожидание готовности ПЛК к получению команды
root DEBUG    [2018-03-26 16:27:32,576] ПЛК готов
root DEBUG    [2018-03-26 16:27:33,157] Загрузка весов3 - Рецепт "Откорм 1" номер замеса 3
root DEBUG    [2018-03-26 16:27:33,957] ПЛК успешно получил команду: КОМАНДА_ЗАГРУЗИТЬ_ВЕСЫ3
root DEBUG    [2018-03-26 16:27:35,746] Запущен флэксвэй 2
root DEBUG    [2018-03-26 16:28:18,802] Шнек 5 закончил  работу
root DEBUG    [2018-03-26 16:28:18,802] Шнек 5 загрузил 39.5кг
root DEBUG    [2018-03-26 16:28:29,880] Запущен шнек 6
root DEBUG    [2018-03-26 16:28:47,903] Шнек 6 закончил  работу
root DEBUG    [2018-03-26 16:28:47,903] Шнек 6 загрузил 56.1кг
root DEBUG    [2018-03-26 16:28:58,082] Запущен шнек 8
root DEBUG    [2018-03-26 16:29:31,099] Флэксвэй 2 закончил работу
root DEBUG    [2018-03-26 16:29:31,099] Флэксвэй 2 загрузил 15.0кг
root DEBUG    [2018-03-26 16:30:06,200] Шнек 8 закончил  работу
root DEBUG    [2018-03-26 16:30:06,200] Шнек 8 загрузил 249.3кг
root DEBUG    [2018-03-26 16:30:15,285] Запущен шнек 9
root DEBUG    [2018-03-26 16:30:46,309] Шнек 9 закончил  работу
root DEBUG    [2018-03-26 16:30:46,309] Шнек 9 загрузил 128.9кг
root DEBUG    [2018-03-26 16:34:14,526] Проверка линии комбикорма(Нория)
root DEBUG    [2018-03-26 16:34:14,526] Открыт необходимый силос
root DEBUG    [2018-03-26 16:34:14,526] Выгрузка миксера - Рецепт "Откорм 1" номер замеса 2
root DEBUG    [2018-03-26 16:34:14,526] Таймер замеса остановлен
root DEBUG    [2018-03-26 16:34:15,207] Зарегестрирована отправка команды: КОМАНДА_ВЫГРУЗИТЬ_МИКСЕР
root DEBUG    [2018-03-26 16:34:15,207] Ожидание готовности ПЛК к получению команды
root DEBUG    [2018-03-26 16:34:15,217] ПЛК готов
root DEBUG    [2018-03-26 16:34:15,226] Удаление из списка выполненных команд: КОМАНДА_ВЫГРУЗИТЬ ВЕСЫ3
root DEBUG    [2018-03-26 16:34:15,226] Удаление из списка выполненных команд: КОМАНДА_ВЫГРУЗИТЬ_ВЕСЫ2
root DEBUG    [2018-03-26 16:34:15,226] Удаление из списка выполненных команд: КОМАНДА_ЗАГРУЗИТЬ_МАСЛО
root DEBUG    [2018-03-26 16:34:15,226] Удаление из списка выполненных команд: КОМАНДА_ЗАГРУЗИТЬ_ВЕСЫ12
root DEBUG    [2018-03-26 16:34:20,299] ПЛК успешно получил команду: КОМАНДА_ВЫГРУЗИТЬ_МИКСЕР
root DEBUG    [2018-03-26 16:34:36,246] Зарегестрирована отправка команды: КОМАНДА_ВЫГРУЗИТЬ_ВЕСЫ2
root DEBUG    [2018-03-26 16:34:36,246] Ожидание готовности ПЛК к получению команды
root DEBUG    [2018-03-26 16:34:36,256] ПЛК готов
root DEBUG    [2018-03-26 16:34:37,068] Удаление из списка выполненных команд: КОМАНДА_ЗАГРУЗИТЬ_ВЕСЫ12
root DEBUG    [2018-03-26 16:34:37,068] Регистрация Масло в БД:8.5
root DEBUG    [2018-03-26 16:34:37,167] Выгрузка весов2 - Рецепт "Откорм 1" номер замеса 3
root DEBUG    [2018-03-26 16:34:37,167] --start timer
root DEBUG    [2018-03-26 16:34:39,168] Timer: time over
root DEBUG    [2018-03-26 16:34:40,171] Включение таймера замеса
root DEBUG    [2018-03-26 16:34:43,315] ПЛК успешно получил команду: КОМАНДА_ВЫГРУЗИТЬ_ВЕСЫ2
root DEBUG    [2018-03-26 16:35:00,691] Декремент счетчика замесов count =16
root DEBUG    [2018-03-26 16:35:00,691] Загрузка весов2 - Рецепт "Откорм 1" номер замеса 4
root DEBUG    [2018-03-26 16:35:00,691] --Проверка заполнености силоса готового комбикорма, (№5)
root DEBUG    [2018-03-26 16:35:00,691] Выбранный силос(№5)не заполнен
root DEBUG    [2018-03-26 16:35:02,401] Банка №8=2500.0
root DEBUG    [2018-03-26 16:35:02,532] Банка №9=1290.0
root DEBUG    [2018-03-26 16:35:02,542] Банка №12=150.0
root DEBUG    [2018-03-26 16:35:02,542] Банка №6=575.0
root DEBUG    [2018-03-26 16:35:02,552] Банка №5=400.0
root DEBUG    [2018-03-26 16:35:02,552] Банка №34=85.0
root DEBUG    [2018-03-26 16:35:02,562] workzamespulledit emited
root DEBUG    [2018-03-26 16:35:02,562] Зарегестрирована отправка команды: КОМАНДА_ЗАГРУЗИТЬ_ВЕСЫ12
root DEBUG    [2018-03-26 16:35:02,562] Таблица заказа для отображения [0, 0, 0, 0, 0, 40.0, 57.5, 0, 250.0, 129.0, 0, 0, 15.0, 0, 0, 0, 0, 8.5]
root DEBUG    [2018-03-26 16:35:02,562] Ожидание готовности ПЛК к получению команды
root DEBUG    [2018-03-26 16:35:02,572] ПЛК готов
root DEBUG    [2018-03-26 16:35:02,592] Зарегестрирована отправка команды: КОМАНДА_ВЫГРУЗИТЬ ВЕСЫ3
root DEBUG    [2018-03-26 16:35:02,592] Ожидание готовности ПЛК к получению команды
root DEBUG    [2018-03-26 16:35:02,601] ПЛК готов
root DEBUG    [2018-03-26 16:35:02,611] Зарегестрирована отправка команды: КОМАНДА_ЗАГРУЗИТЬ_МАСЛО
root DEBUG    [2018-03-26 16:35:02,611] Ожидание готовности ПЛК к получению команды
root DEBUG    [2018-03-26 16:35:02,621] ПЛК готов
root DEBUG    [2018-03-26 16:35:02,631] Ожидание готовности ПЛК к получению команды
root DEBUG    [2018-03-26 16:35:02,641] ПЛК готов
root DEBUG    [2018-03-26 16:35:02,651] Удаление из списка выполненных команд: КОМАНДА_ЗАГРУЗИТЬ_ВЕСЫ3
root DEBUG    [2018-03-26 16:35:02,651] Удаление из списка выполненных команд: КОМАНДА_ВЫГРУЗИТЬ_МИКСЕР
root DEBUG    [2018-03-26 16:35:02,651] Выгрузка весов3 - Рецепт "Откорм 1" номер замеса 3
root DEBUG    [2018-03-26 16:35:02,651] Загрузка масла - Рецепт "Откорм 1" номер замеса 3
root DEBUG    [2018-03-26 16:35:03,332] ПЛК успешно получил команду: КОМАНДА_ЗАГРУЗИТЬ_ВЕСЫ12
root DEBUG    [2018-03-26 16:35:04,611] Запущен шнек 5
root DEBUG    [2018-03-26 16:35:05,332] ПЛК успешно получил команду: КОМАНДА_ВЫГРУЗИТЬ ВЕСЫ3
root DEBUG    [2018-03-26 16:35:18,664] Зарегестрирована отправка команды: КОМАНДА_ЗАГРУЗИТЬ_ВЕСЫ3
root DEBUG    [2018-03-26 16:35:18,664] Ожидание готовности ПЛК к получению команды
root DEBUG    [2018-03-26 16:35:18,674] ПЛК готов
root DEBUG    [2018-03-26 16:35:18,684] Загрузка весов3 - Рецепт "Откорм 1" номер замеса 4
root DEBUG    [2018-03-26 16:35:19,334] ПЛК успешно получил команду: КОМАНДА_ЗАГРУЗИТЬ_ВЕСЫ3
root DEBUG    [2018-03-26 16:35:21,619] Запущен флэксвэй 2
root DEBUG    [2018-03-26 16:36:07,694] Шнек 5 закончил  работу
root DEBUG    [2018-03-26 16:36:07,694] Шнек 5 загрузил 40.6кг
root DEBUG    [2018-03-26 16:36:17,831] Запущен шнек 6
root DEBUG    [2018-03-26 16:36:34,881] Шнек 6 закончил  работу
root DEBUG    [2018-03-26 16:36:34,881] Шнек 6 загрузил 54.1кг
root DEBUG    [2018-03-26 16:36:45,013] Запущен шнек 8
root DEBUG    [2018-03-26 16:37:15,046] Флэксвэй 2 закончил работу
root DEBUG    [2018-03-26 16:37:15,046] Флэксвэй 2 загрузил 14.8кг
root DEBUG    [2018-03-26 16:37:53,526] Шнек 8 закончил  работу
root DEBUG    [2018-03-26 16:37:53,526] Шнек 8 загрузил 249.5кг
root DEBUG    [2018-03-26 16:38:02,627] Запущен шнек 9
root DEBUG    [2018-03-26 16:38:35,000] Шнек 9 закончил  работу
root DEBUG    [2018-03-26 16:38:35,000] Шнек 9 загрузил 129.6кг
